<?xml version="1.0" encoding="UTF-8"?>
<testsuite name="demolition.BasicPlayerTest" tests="1" skipped="0" failures="0" errors="0" timestamp="2021-11-04T16:53:22" hostname="dan-XPS-13-7390" time="0.053">
  <properties/>
  <testcase name="initPlayer()" classname="demolition.BasicPlayerTest" time="0.053"/>
  <system-out><![CDATA[]]></system-out>
  <system-err><![CDATA[]]></system-err>
</testsuite>
