<?xml version="1.0" encoding="UTF-8"?>
<testsuite name="demolition.BasicRedEnemyTest" tests="1" skipped="0" failures="0" errors="0" timestamp="2021-11-04T14:14:02" hostname="dan-XPS-13-7390" time="0.0">
  <properties/>
  <testcase name="movementTest()" classname="demolition.BasicRedEnemyTest" time="0.0"/>
  <system-out><![CDATA[]]></system-out>
  <system-err><![CDATA[]]></system-err>
</testsuite>
