<?xml version="1.0" encoding="UTF-8"?>
<testsuite name="demolition.BasicTileTests" tests="4" skipped="0" failures="0" errors="0" timestamp="2021-11-04T10:15:08" hostname="dan-XPS-13-7390" time="0.006">
  <properties/>
  <testcase name="isBreakableTest()" classname="demolition.BasicTileTests" time="0.002"/>
  <testcase name="getCoordinateTest()" classname="demolition.BasicTileTests" time="0.0"/>
  <testcase name="stopsExplosionsTest()" classname="demolition.BasicTileTests" time="0.001"/>
  <testcase name="isPassableTest()" classname="demolition.BasicTileTests" time="0.0"/>
  <system-out><![CDATA[]]></system-out>
  <system-err><![CDATA[]]></system-err>
</testsuite>
